C51 COMPILER V9.53.0.0   FLASH_LED                                                         12/18/2021 23:44:58 PAGE 1   


C51 COMPILER V9.53.0.0, COMPILATION OF MODULE FLASH_LED
OBJECT MODULE PLACED IN .\Hex-File\flash-led.obj
COMPILER INVOKED BY: C:\Keil_v5\C51\BIN\C51.EXE flash-led.c OPTIMIZE(8,SPEED) BROWSE DEBUG OBJECTEXTEND TABS(2) OBJECT(.
                    -\Hex-File\flash-led.obj)

line level    source

   1          
   2          // Include Library 
   3          #include<reg51.h>
   4          // It's Important For Program
   5          void delay(void);
   6          void main (void)
   7          {
   8   1      while(1)
   9   1      {
  10   2      P2=~0x01; // This is for Who Led Is On
  11   2      delay();
  12   2      P2=~0x00;
  13   2      delay();
  14   2      }
  15   1      }
  16          void delay(void)
  17          {
  18   1      int j;
  19   1      int i;
  20   1      for (i=0;i<10;i++)
  21   1      {
  22   2      for (j=0;j<10000;j++)
  23   2      {
  24   3      }
  25   2      }
  26   1      }


MODULE INFORMATION:   STATIC OVERLAYABLE
   CODE SIZE        =     43    ----
   CONSTANT SIZE    =   ----    ----
   XDATA SIZE       =   ----    ----
   PDATA SIZE       =   ----    ----
   DATA SIZE        =   ----    ----
   IDATA SIZE       =   ----    ----
   BIT SIZE         =   ----    ----
END OF MODULE INFORMATION.


C51 COMPILATION COMPLETE.  0 WARNING(S),  0 ERROR(S)
